{"D:\\website\\rv-car-solutions-main\\src\\assets\\logo.svg": {"path":"D:\\website\\rv-car-solutions-main\\src\\assets\\logo.svg","statementMap":{},"fnMap":{},"branchMap":{},"s":{},"f":{},"b":{},"meta":{"lastBranch":0,"lastFunction":0,"lastStatement":0,"seen":{}}}
,"D:\\website\\rv-car-solutions-main\\src\\components\\Navbar.tsx": {"path":"D:\\website\\rv-car-solutions-main\\src\\components\\Navbar.tsx","statementMap":{"0":{"start":{"line":8,"column":15},"end":{"line":211,"column":null}},"1":{"start":{"line":9,"column":27},"end":{"line":9,"column":null}},"2":{"start":{"line":10,"column":41},"end":{"line":10,"column":null}},"3":{"start":{"line":11,"column":21},"end":{"line":11,"column":null}},"4":{"start":{"line":14,"column":19},"end":{"line":14,"column":null}},"5":{"start":{"line":15,"column":22},"end":{"line":15,"column":null}},"6":{"start":{"line":16,"column":22},"end":{"line":16,"column":null}},"7":{"start":{"line":18,"column":19},"end":{"line":18,"column":null}},"8":{"start":{"line":19,"column":22},"end":{"line":19,"column":null}},"9":{"start":{"line":20,"column":23},"end":{"line":20,"column":null}},"10":{"start":{"line":21,"column":26},"end":{"line":21,"column":null}},"11":{"start":{"line":23,"column":20},"end":{"line":30,"column":null}},"12":{"start":{"line":32,"column":8},"end":{"line":42,"column":null}},"13":{"start":{"line":33,"column":20},"end":{"line":33,"column":null}},"14":{"start":{"line":34,"column":4},"end":{"line":41,"column":null}},"15":{"start":{"line":35,"column":24},"end":{"line":35,"column":48}},"16":{"start":{"line":36,"column":6},"end":{"line":39,"column":null}},"17":{"start":{"line":40,"column":6},"end":{"line":40,"column":null}},"18":{"start":{"line":44,"column":8},"end":{"line":46,"column":null}},"19":{"start":{"line":45,"column":4},"end":{"line":45,"column":null}},"20":{"start":{"line":49,"column":2},"end":{"line":61,"column":null}},"21":{"start":{"line":50,"column":31},"end":{"line":52,"column":null}},"22":{"start":{"line":51,"column":6},"end":{"line":51,"column":null}},"23":{"start":{"line":51,"column":18},"end":{"line":51,"column":null}},"24":{"start":{"line":54,"column":4},"end":{"line":56,"column":null}},"25":{"start":{"line":55,"column":6},"end":{"line":55,"column":null}},"26":{"start":{"line":58,"column":4},"end":{"line":60,"column":null}},"27":{"start":{"line":59,"column":6},"end":{"line":59,"column":null}},"28":{"start":{"line":64,"column":2},"end":{"line":84,"column":null}},"29":{"start":{"line":65,"column":28},"end":{"line":68,"column":null}},"30":{"start":{"line":70,"column":21},"end":{"line":76,"column":null}},"31":{"start":{"line":71,"column":6},"end":{"line":75,"column":null}},"32":{"start":{"line":72,"column":8},"end":{"line":74,"column":null}},"33":{"start":{"line":73,"column":10},"end":{"line":73,"column":null}},"34":{"start":{"line":78,"column":4},"end":{"line":81,"column":null}},"35":{"start":{"line":79,"column":22},"end":{"line":79,"column":null}},"36":{"start":{"line":80,"column":6},"end":{"line":80,"column":null}},"37":{"start":{"line":80,"column":19},"end":{"line":80,"column":null}},"38":{"start":{"line":83,"column":4},"end":{"line":83,"column":null}},"39":{"start":{"line":83,"column":17},"end":{"line":83,"column":null}},"40":{"start":{"line":91,"column":27},"end":{"line":91,"column":null}},"41":{"start":{"line":115,"column":31},"end":{"line":115,"column":null}},"42":{"start":{"line":138,"column":37},"end":{"line":138,"column":66}},"43":{"start":{"line":147,"column":14},"end":{"line":147,"column":null}},"44":{"start":{"line":148,"column":14},"end":{"line":148,"column":null}},"45":{"start":{"line":164,"column":25},"end":{"line":164,"column":null}},"46":{"start":{"line":175,"column":31},"end":{"line":175,"column":null}},"47":{"start":{"line":200,"column":31},"end":{"line":200,"column":null}}},"fnMap":{"0":{"name":"(anonymous_0)","decl":{"start":{"line":8,"column":15},"end":{"line":8,"column":null}},"loc":{"start":{"line":8,"column":15},"end":{"line":211,"column":null}},"line":8},"1":{"name":"(anonymous_1)","decl":{"start":{"line":32,"column":38},"end":{"line":32,"column":39}},"loc":{"start":{"line":32,"column":39},"end":{"line":42,"column":5}},"line":32},"2":{"name":"(anonymous_2)","decl":{"start":{"line":44,"column":37},"end":{"line":44,"column":null}},"loc":{"start":{"line":44,"column":37},"end":{"line":46,"column":5}},"line":44},"3":{"name":"(anonymous_3)","decl":{"start":{"line":49,"column":12},"end":{"line":49,"column":null}},"loc":{"start":{"line":49,"column":12},"end":{"line":61,"column":5}},"line":49},"4":{"name":"(anonymous_4)","decl":{"start":{"line":50,"column":31},"end":{"line":50,"column":null}},"loc":{"start":{"line":50,"column":31},"end":{"line":52,"column":null}},"line":50},"5":{"name":"(anonymous_5)","decl":{"start":{"line":58,"column":11},"end":{"line":58,"column":null}},"loc":{"start":{"line":58,"column":11},"end":{"line":60,"column":null}},"line":58},"6":{"name":"(anonymous_6)","decl":{"start":{"line":64,"column":12},"end":{"line":64,"column":null}},"loc":{"start":{"line":64,"column":12},"end":{"line":84,"column":5}},"line":64},"7":{"name":"(anonymous_7)","decl":{"start":{"line":70,"column":46},"end":{"line":70,"column":47}},"loc":{"start":{"line":70,"column":47},"end":{"line":76,"column":7}},"line":70},"8":{"name":"(anonymous_8)","decl":{"start":{"line":71,"column":22},"end":{"line":71,"column":23}},"loc":{"start":{"line":71,"column":23},"end":{"line":75,"column":null}},"line":71},"9":{"name":"(anonymous_9)","decl":{"start":{"line":78,"column":22},"end":{"line":78,"column":23}},"loc":{"start":{"line":78,"column":29},"end":{"line":81,"column":null}},"line":78},"10":{"name":"(anonymous_10)","decl":{"start":{"line":83,"column":11},"end":{"line":83,"column":17}},"loc":{"start":{"line":83,"column":17},"end":{"line":83,"column":null}},"line":83},"11":{"name":"(anonymous_11)","decl":{"start":{"line":91,"column":21},"end":{"line":91,"column":27}},"loc":{"start":{"line":91,"column":27},"end":{"line":91,"column":null}},"line":91},"12":{"name":"(anonymous_12)","decl":{"start":{"line":115,"column":25},"end":{"line":115,"column":31}},"loc":{"start":{"line":115,"column":31},"end":{"line":115,"column":null}},"line":115},"13":{"name":"(anonymous_13)","decl":{"start":{"line":138,"column":31},"end":{"line":138,"column":37}},"loc":{"start":{"line":138,"column":37},"end":{"line":138,"column":66}},"line":138},"14":{"name":"(anonymous_14)","decl":{"start":{"line":146,"column":21},"end":{"line":146,"column":22}},"loc":{"start":{"line":146,"column":22},"end":{"line":149,"column":null}},"line":146},"15":{"name":"(anonymous_15)","decl":{"start":{"line":164,"column":19},"end":{"line":164,"column":25}},"loc":{"start":{"line":164,"column":25},"end":{"line":164,"column":null}},"line":164},"16":{"name":"(anonymous_16)","decl":{"start":{"line":175,"column":25},"end":{"line":175,"column":31}},"loc":{"start":{"line":175,"column":31},"end":{"line":175,"column":null}},"line":175},"17":{"name":"(anonymous_17)","decl":{"start":{"line":200,"column":25},"end":{"line":200,"column":31}},"loc":{"start":{"line":200,"column":31},"end":{"line":200,"column":null}},"line":200}},"branchMap":{"0":{"loc":{"start":{"line":18,"column":19},"end":{"line":18,"column":null}},"type":"cond-expr","locations":[{"start":{"line":18,"column":34},"end":{"line":18,"column":44}},{"start":{"line":18,"column":34},"end":{"line":18,"column":null}}],"line":18},"1":{"loc":{"start":{"line":34,"column":4},"end":{"line":41,"column":null}},"type":"if","locations":[{"start":{"line":34,"column":4},"end":{"line":41,"column":null}},{"start":{},"end":{}}],"line":34},"2":{"loc":{"start":{"line":51,"column":6},"end":{"line":51,"column":null}},"type":"if","locations":[{"start":{"line":51,"column":6},"end":{"line":51,"column":null}},{"start":{},"end":{}}],"line":51},"3":{"loc":{"start":{"line":54,"column":4},"end":{"line":56,"column":null}},"type":"if","locations":[{"start":{"line":54,"column":4},"end":{"line":56,"column":null}},{"start":{},"end":{}}],"line":54},"4":{"loc":{"start":{"line":72,"column":8},"end":{"line":74,"column":null}},"type":"if","locations":[{"start":{"line":72,"column":8},"end":{"line":74,"column":null}},{"start":{},"end":{}}],"line":72},"5":{"loc":{"start":{"line":80,"column":6},"end":{"line":80,"column":null}},"type":"if","locations":[{"start":{"line":80,"column":6},"end":{"line":80,"column":null}},{"start":{},"end":{}}],"line":80},"6":{"loc":{"start":{"line":117,"column":18},"end":{"line":119,"column":null}},"type":"cond-expr","locations":[{"start":{"line":118,"column":22},"end":{"line":118,"column":null}},{"start":{"line":119,"column":22},"end":{"line":119,"column":null}}],"line":117},"7":{"loc":{"start":{"line":151,"column":24},"end":{"line":151,"column":null}},"type":"cond-expr","locations":[{"start":{"line":151,"column":33},"end":{"line":151,"column":49}},{"start":{"line":151,"column":49},"end":{"line":151,"column":null}}],"line":151},"8":{"loc":{"start":{"line":177,"column":18},"end":{"line":179,"column":null}},"type":"cond-expr","locations":[{"start":{"line":178,"column":22},"end":{"line":178,"column":null}},{"start":{"line":179,"column":22},"end":{"line":179,"column":null}}],"line":177}},"s":{"0":1,"1":9,"2":9,"3":9,"4":9,"5":9,"6":9,"7":9,"8":9,"9":9,"10":9,"11":9,"12":9,"13":0,"14":0,"15":0,"16":0,"17":0,"18":9,"19":0,"20":9,"21":9,"22":0,"23":0,"24":9,"25":1,"26":9,"27":9,"28":9,"29":8,"30":8,"31":0,"32":0,"33":0,"34":8,"35":48,"36":48,"37":0,"38":8,"39":8,"40":0,"41":0,"42":0,"43":1,"44":1,"45":0,"46":0,"47":0},"f":{"0":9,"1":0,"2":0,"3":9,"4":0,"5":9,"6":8,"7":0,"8":0,"9":48,"10":8,"11":0,"12":0,"13":0,"14":1,"15":0,"16":0,"17":0},"b":{"0":[0,9],"1":[0,0],"2":[0,0],"3":[1,8],"4":[0,0],"5":[0,48],"6":[9,45],"7":[1,8],"8":[1,5]},"meta":{"lastBranch":9,"lastFunction":18,"lastStatement":48,"seen":{"s:8:15:211:Infinity":0,"f:8:15:8:Infinity":0,"s:9:27:9:Infinity":1,"s:10:41:10:Infinity":2,"s:11:21:11:Infinity":3,"s:14:19:14:Infinity":4,"s:15:22:15:Infinity":5,"s:16:22:16:Infinity":6,"s:18:19:18:Infinity":7,"b:18:34:18:44:18:34:18:Infinity":0,"s:19:22:19:Infinity":8,"s:20:23:20:Infinity":9,"s:21:26:21:Infinity":10,"s:23:20:30:Infinity":11,"s:32:8:42:Infinity":12,"f:32:38:32:39":1,"s:33:20:33:Infinity":13,"b:34:4:41:Infinity:undefined:undefined:undefined:undefined":1,"s:34:4:41:Infinity":14,"s:35:24:35:48":15,"s:36:6:39:Infinity":16,"s:40:6:40:Infinity":17,"s:44:8:46:Infinity":18,"f:44:37:44:Infinity":2,"s:45:4:45:Infinity":19,"s:49:2:61:Infinity":20,"f:49:12:49:Infinity":3,"s:50:31:52:Infinity":21,"f:50:31:50:Infinity":4,"b:51:6:51:Infinity:undefined:undefined:undefined:undefined":2,"s:51:6:51:Infinity":22,"s:51:18:51:Infinity":23,"b:54:4:56:Infinity:undefined:undefined:undefined:undefined":3,"s:54:4:56:Infinity":24,"s:55:6:55:Infinity":25,"s:58:4:60:Infinity":26,"f:58:11:58:Infinity":5,"s:59:6:59:Infinity":27,"s:64:2:84:Infinity":28,"f:64:12:64:Infinity":6,"s:65:28:68:Infinity":29,"s:70:21:76:Infinity":30,"f:70:46:70:47":7,"s:71:6:75:Infinity":31,"f:71:22:71:23":8,"b:72:8:74:Infinity:undefined:undefined:undefined:undefined":4,"s:72:8:74:Infinity":32,"s:73:10:73:Infinity":33,"s:78:4:81:Infinity":34,"f:78:22:78:23":9,"s:79:22:79:Infinity":35,"b:80:6:80:Infinity:undefined:undefined:undefined:undefined":5,"s:80:6:80:Infinity":36,"s:80:19:80:Infinity":37,"s:83:4:83:Infinity":38,"f:83:11:83:17":10,"s:83:17:83:Infinity":39,"f:91:21:91:27":11,"s:91:27:91:Infinity":40,"f:115:25:115:31":12,"s:115:31:115:Infinity":41,"b:118:22:118:Infinity:119:22:119:Infinity":6,"f:138:31:138:37":13,"s:138:37:138:66":42,"f:146:21:146:22":14,"s:147:14:147:Infinity":43,"s:148:14:148:Infinity":44,"b:151:33:151:49:151:49:151:Infinity":7,"f:164:19:164:25":15,"s:164:25:164:Infinity":45,"f:175:25:175:31":16,"s:175:31:175:Infinity":46,"b:178:22:178:Infinity:179:22:179:Infinity":8,"f:200:25:200:31":17,"s:200:31:200:Infinity":47}}}
,"D:\\website\\rv-car-solutions-main\\src\\components\\ui\\button.tsx": {"path":"D:\\website\\rv-car-solutions-main\\src\\components\\ui\\button.tsx","statementMap":{"0":{"start":{"line":7,"column":6},"end":{"line":30,"column":null}},"1":{"start":{"line":39,"column":15},"end":{"line":43,"column":null}},"2":{"start":{"line":41,"column":17},"end":{"line":41,"column":null}},"3":{"start":{"line":45,"column":0},"end":{"line":45,"column":null}}},"fnMap":{"0":{"name":"(anonymous_0)","decl":{"start":{"line":40,"column":2},"end":{"line":40,"column":3}},"loc":{"start":{"line":40,"column":60},"end":{"line":43,"column":null}},"line":40}},"branchMap":{"0":{"loc":{"start":{"line":40,"column":31},"end":{"line":40,"column":46}},"type":"default-arg","locations":[{"start":{"line":40,"column":41},"end":{"line":40,"column":46}}],"line":40},"1":{"loc":{"start":{"line":41,"column":17},"end":{"line":41,"column":null}},"type":"cond-expr","locations":[{"start":{"line":41,"column":27},"end":{"line":41,"column":34}},{"start":{"line":41,"column":34},"end":{"line":41,"column":null}}],"line":41}},"s":{"0":1,"1":1,"2":20,"3":1},"f":{"0":20},"b":{"0":[20],"1":[0,20]},"meta":{"lastBranch":2,"lastFunction":1,"lastStatement":4,"seen":{"s:7:6:30:Infinity":0,"s:39:15:43:Infinity":1,"f:40:2:40:3":0,"b:40:41:40:46":0,"s:41:17:41:Infinity":2,"b:41:27:41:34:41:34:41:Infinity":1,"s:45:0:45:Infinity":3}}}
,"D:\\website\\rv-car-solutions-main\\src\\lib\\authManager.ts": {"path":"D:\\website\\rv-car-solutions-main\\src\\lib\\authManager.ts","statementMap":{"0":{"start":{"line":5,"column":22},"end":{"line":29,"column":null}},"1":{"start":{"line":6,"column":2},"end":{"line":8,"column":null}},"2":{"start":{"line":7,"column":4},"end":{"line":7,"column":null}},"3":{"start":{"line":10,"column":2},"end":{"line":12,"column":null}},"4":{"start":{"line":11,"column":4},"end":{"line":11,"column":null}},"5":{"start":{"line":15,"column":19},"end":{"line":15,"column":43}},"6":{"start":{"line":18,"column":2},"end":{"line":20,"column":null}},"7":{"start":{"line":19,"column":4},"end":{"line":19,"column":null}},"8":{"start":{"line":23,"column":2},"end":{"line":25,"column":null}},"9":{"start":{"line":24,"column":4},"end":{"line":24,"column":null}},"10":{"start":{"line":28,"column":2},"end":{"line":28,"column":null}},"11":{"start":{"line":31,"column":21},"end":{"line":31,"column":null}},"12":{"start":{"line":61,"column":18},"end":{"line":61,"column":null}},"13":{"start":{"line":62,"column":17},"end":{"line":62,"column":null}},"14":{"start":{"line":67,"column":21},"end":{"line":86,"column":null}},"15":{"start":{"line":68,"column":19},"end":{"line":72,"column":null}},"16":{"start":{"line":74,"column":2},"end":{"line":77,"column":null}},"17":{"start":{"line":75,"column":18},"end":{"line":75,"column":null}},"18":{"start":{"line":76,"column":4},"end":{"line":76,"column":null}},"19":{"start":{"line":79,"column":30},"end":{"line":79,"column":null}},"20":{"start":{"line":82,"column":2},"end":{"line":82,"column":null}},"21":{"start":{"line":83,"column":2},"end":{"line":83,"column":null}},"22":{"start":{"line":85,"column":2},"end":{"line":85,"column":null}},"23":{"start":{"line":91,"column":27},"end":{"line":104,"column":null}},"24":{"start":{"line":92,"column":19},"end":{"line":96,"column":null}},"25":{"start":{"line":98,"column":2},"end":{"line":101,"column":null}},"26":{"start":{"line":99,"column":18},"end":{"line":99,"column":null}},"27":{"start":{"line":100,"column":4},"end":{"line":100,"column":null}},"28":{"start":{"line":103,"column":2},"end":{"line":103,"column":null}},"29":{"start":{"line":109,"column":30},"end":{"line":140,"column":null}},"30":{"start":{"line":113,"column":16},"end":{"line":113,"column":null}},"31":{"start":{"line":114,"column":2},"end":{"line":116,"column":null}},"32":{"start":{"line":115,"column":4},"end":{"line":115,"column":null}},"33":{"start":{"line":118,"column":19},"end":{"line":127,"column":null}},"34":{"start":{"line":129,"column":2},"end":{"line":132,"column":null}},"35":{"start":{"line":130,"column":18},"end":{"line":130,"column":null}},"36":{"start":{"line":131,"column":4},"end":{"line":131,"column":null}},"37":{"start":{"line":134,"column":39},"end":{"line":134,"column":null}},"38":{"start":{"line":137,"column":2},"end":{"line":137,"column":null}},"39":{"start":{"line":139,"column":2},"end":{"line":139,"column":null}},"40":{"start":{"line":145,"column":22},"end":{"line":149,"column":null}},"41":{"start":{"line":146,"column":2},"end":{"line":146,"column":null}},"42":{"start":{"line":147,"column":2},"end":{"line":147,"column":null}},"43":{"start":{"line":148,"column":2},"end":{"line":148,"column":41}},"44":{"start":{"line":154,"column":24},"end":{"line":156,"column":null}},"45":{"start":{"line":155,"column":2},"end":{"line":155,"column":null}},"46":{"start":{"line":167,"column":23},"end":{"line":170,"column":null}},"47":{"start":{"line":168,"column":19},"end":{"line":168,"column":null}},"48":{"start":{"line":169,"column":2},"end":{"line":169,"column":null}},"49":{"start":{"line":175,"column":31},"end":{"line":177,"column":null}},"50":{"start":{"line":176,"column":2},"end":{"line":176,"column":null}},"51":{"start":{"line":182,"column":29},"end":{"line":185,"column":null}},"52":{"start":{"line":183,"column":16},"end":{"line":183,"column":null}},"53":{"start":{"line":184,"column":2},"end":{"line":184,"column":null}}},"fnMap":{"0":{"name":"(anonymous_0)","decl":{"start":{"line":5,"column":22},"end":{"line":5,"column":null}},"loc":{"start":{"line":5,"column":22},"end":{"line":29,"column":null}},"line":5},"1":{"name":"(anonymous_1)","decl":{"start":{"line":67,"column":21},"end":{"line":67,"column":28}},"loc":{"start":{"line":67,"column":46},"end":{"line":86,"column":null}},"line":67},"2":{"name":"(anonymous_2)","decl":{"start":{"line":91,"column":27},"end":{"line":91,"column":34}},"loc":{"start":{"line":91,"column":34},"end":{"line":104,"column":null}},"line":91},"3":{"name":"(anonymous_3)","decl":{"start":{"line":109,"column":30},"end":{"line":109,"column":null}},"loc":{"start":{"line":111,"column":2},"end":{"line":140,"column":null}},"line":111},"4":{"name":"(anonymous_4)","decl":{"start":{"line":145,"column":22},"end":{"line":145,"column":null}},"loc":{"start":{"line":145,"column":22},"end":{"line":149,"column":null}},"line":145},"5":{"name":"(anonymous_5)","decl":{"start":{"line":154,"column":24},"end":{"line":154,"column":null}},"loc":{"start":{"line":154,"column":24},"end":{"line":156,"column":null}},"line":154},"6":{"name":"(anonymous_6)","decl":{"start":{"line":167,"column":23},"end":{"line":167,"column":null}},"loc":{"start":{"line":167,"column":23},"end":{"line":170,"column":null}},"line":167},"7":{"name":"(anonymous_7)","decl":{"start":{"line":175,"column":31},"end":{"line":175,"column":null}},"loc":{"start":{"line":175,"column":31},"end":{"line":177,"column":null}},"line":175},"8":{"name":"(anonymous_8)","decl":{"start":{"line":182,"column":29},"end":{"line":182,"column":null}},"loc":{"start":{"line":182,"column":29},"end":{"line":185,"column":null}},"line":182}},"branchMap":{"0":{"loc":{"start":{"line":6,"column":2},"end":{"line":8,"column":null}},"type":"if","locations":[{"start":{"line":6,"column":2},"end":{"line":8,"column":null}},{"start":{},"end":{}}],"line":6},"1":{"loc":{"start":{"line":10,"column":2},"end":{"line":12,"column":null}},"type":"if","locations":[{"start":{"line":10,"column":2},"end":{"line":12,"column":null}},{"start":{},"end":{}}],"line":10},"2":{"loc":{"start":{"line":18,"column":2},"end":{"line":20,"column":null}},"type":"if","locations":[{"start":{"line":18,"column":2},"end":{"line":20,"column":null}},{"start":{},"end":{}}],"line":18},"3":{"loc":{"start":{"line":18,"column":6},"end":{"line":18,"column":60}},"type":"binary-expr","locations":[{"start":{"line":18,"column":6},"end":{"line":18,"column":34}},{"start":{"line":18,"column":34},"end":{"line":18,"column":60}}],"line":18},"4":{"loc":{"start":{"line":23,"column":2},"end":{"line":25,"column":null}},"type":"if","locations":[{"start":{"line":23,"column":2},"end":{"line":25,"column":null}},{"start":{},"end":{}}],"line":23},"5":{"loc":{"start":{"line":74,"column":2},"end":{"line":77,"column":null}},"type":"if","locations":[{"start":{"line":74,"column":2},"end":{"line":77,"column":null}},{"start":{},"end":{}}],"line":74},"6":{"loc":{"start":{"line":76,"column":20},"end":{"line":76,"column":null}},"type":"binary-expr","locations":[{"start":{"line":76,"column":20},"end":{"line":76,"column":31}},{"start":{"line":76,"column":35},"end":{"line":76,"column":null}}],"line":76},"7":{"loc":{"start":{"line":98,"column":2},"end":{"line":101,"column":null}},"type":"if","locations":[{"start":{"line":98,"column":2},"end":{"line":101,"column":null}},{"start":{},"end":{}}],"line":98},"8":{"loc":{"start":{"line":100,"column":20},"end":{"line":100,"column":null}},"type":"binary-expr","locations":[{"start":{"line":100,"column":20},"end":{"line":100,"column":31}},{"start":{"line":100,"column":35},"end":{"line":100,"column":null}}],"line":100},"9":{"loc":{"start":{"line":114,"column":2},"end":{"line":116,"column":null}},"type":"if","locations":[{"start":{"line":114,"column":2},"end":{"line":116,"column":null}},{"start":{},"end":{}}],"line":114},"10":{"loc":{"start":{"line":129,"column":2},"end":{"line":132,"column":null}},"type":"if","locations":[{"start":{"line":129,"column":2},"end":{"line":132,"column":null}},{"start":{},"end":{}}],"line":129},"11":{"loc":{"start":{"line":131,"column":20},"end":{"line":131,"column":null}},"type":"binary-expr","locations":[{"start":{"line":131,"column":20},"end":{"line":131,"column":31}},{"start":{"line":131,"column":35},"end":{"line":131,"column":null}}],"line":131},"12":{"loc":{"start":{"line":169,"column":9},"end":{"line":169,"column":null}},"type":"cond-expr","locations":[{"start":{"line":169,"column":20},"end":{"line":169,"column":43}},{"start":{"line":169,"column":43},"end":{"line":169,"column":null}}],"line":169},"13":{"loc":{"start":{"line":184,"column":9},"end":{"line":184,"column":null}},"type":"cond-expr","locations":[{"start":{"line":184,"column":17},"end":{"line":184,"column":56}},{"start":{"line":184,"column":56},"end":{"line":184,"column":null}}],"line":184}},"s":{"0":1,"1":1,"2":0,"3":1,"4":0,"5":1,"6":1,"7":1,"8":0,"9":0,"10":0,"11":1,"12":1,"13":1,"14":1,"15":3,"16":2,"17":1,"18":1,"19":1,"20":1,"21":1,"22":1,"23":1,"24":3,"25":3,"26":2,"27":2,"28":1,"29":1,"30":4,"31":4,"32":1,"33":3,"34":3,"35":1,"36":1,"37":2,"38":2,"39":2,"40":1,"41":1,"42":1,"43":1,"44":1,"45":10,"46":1,"47":2,"48":2,"49":1,"50":2,"51":1,"52":2,"53":2},"f":{"0":1,"1":3,"2":3,"3":4,"4":1,"5":10,"6":2,"7":2,"8":2},"b":{"0":[0,1],"1":[0,1],"2":[1,0],"3":[1,0],"4":[0,0],"5":[1,1],"6":[1,0],"7":[2,1],"8":[2,0],"9":[1,3],"10":[1,2],"11":[1,0],"12":[1,1],"13":[1,1]},"meta":{"lastBranch":14,"lastFunction":9,"lastStatement":54,"seen":{"s:5:22:29:Infinity":0,"f:5:22:5:Infinity":0,"b:6:2:8:Infinity:undefined:undefined:undefined:undefined":0,"s:6:2:8:Infinity":1,"s:7:4:7:Infinity":2,"b:10:2:12:Infinity:undefined:undefined:undefined:undefined":1,"s:10:2:12:Infinity":3,"s:11:4:11:Infinity":4,"s:15:19:15:43":5,"b:18:2:20:Infinity:undefined:undefined:undefined:undefined":2,"s:18:2:20:Infinity":6,"b:18:6:18:34:18:34:18:60":3,"s:19:4:19:Infinity":7,"b:23:2:25:Infinity:undefined:undefined:undefined:undefined":4,"s:23:2:25:Infinity":8,"s:24:4:24:Infinity":9,"s:28:2:28:Infinity":10,"s:31:21:31:Infinity":11,"s:61:18:61:Infinity":12,"s:62:17:62:Infinity":13,"s:67:21:86:Infinity":14,"f:67:21:67:28":1,"s:68:19:72:Infinity":15,"b:74:2:77:Infinity:undefined:undefined:undefined:undefined":5,"s:74:2:77:Infinity":16,"s:75:18:75:Infinity":17,"s:76:4:76:Infinity":18,"b:76:20:76:31:76:35:76:Infinity":6,"s:79:30:79:Infinity":19,"s:82:2:82:Infinity":20,"s:83:2:83:Infinity":21,"s:85:2:85:Infinity":22,"s:91:27:104:Infinity":23,"f:91:27:91:34":2,"s:92:19:96:Infinity":24,"b:98:2:101:Infinity:undefined:undefined:undefined:undefined":7,"s:98:2:101:Infinity":25,"s:99:18:99:Infinity":26,"s:100:4:100:Infinity":27,"b:100:20:100:31:100:35:100:Infinity":8,"s:103:2:103:Infinity":28,"s:109:30:140:Infinity":29,"f:109:30:109:Infinity":3,"s:113:16:113:Infinity":30,"b:114:2:116:Infinity:undefined:undefined:undefined:undefined":9,"s:114:2:116:Infinity":31,"s:115:4:115:Infinity":32,"s:118:19:127:Infinity":33,"b:129:2:132:Infinity:undefined:undefined:undefined:undefined":10,"s:129:2:132:Infinity":34,"s:130:18:130:Infinity":35,"s:131:4:131:Infinity":36,"b:131:20:131:31:131:35:131:Infinity":11,"s:134:39:134:Infinity":37,"s:137:2:137:Infinity":38,"s:139:2:139:Infinity":39,"s:145:22:149:Infinity":40,"f:145:22:145:Infinity":4,"s:146:2:146:Infinity":41,"s:147:2:147:Infinity":42,"s:148:2:148:41":43,"s:154:24:156:Infinity":44,"f:154:24:154:Infinity":5,"s:155:2:155:Infinity":45,"s:167:23:170:Infinity":46,"f:167:23:167:Infinity":6,"s:168:19:168:Infinity":47,"s:169:2:169:Infinity":48,"b:169:20:169:43:169:43:169:Infinity":12,"s:175:31:177:Infinity":49,"f:175:31:175:Infinity":7,"s:176:2:176:Infinity":50,"s:182:29:185:Infinity":51,"f:182:29:182:Infinity":8,"s:183:16:183:Infinity":52,"s:184:2:184:Infinity":53,"b:184:17:184:56:184:56:184:Infinity":13}}}
,"D:\\website\\rv-car-solutions-main\\src\\lib\\imageUrlHelper.ts": {"path":"D:\\website\\rv-car-solutions-main\\src\\lib\\imageUrlHelper.ts","statementMap":{"0":{"start":{"line":12,"column":2},"end":{"line":14,"column":null}},"1":{"start":{"line":13,"column":4},"end":{"line":13,"column":null}},"2":{"start":{"line":17,"column":2},"end":{"line":19,"column":null}},"3":{"start":{"line":18,"column":4},"end":{"line":18,"column":null}},"4":{"start":{"line":22,"column":2},"end":{"line":24,"column":null}},"5":{"start":{"line":23,"column":4},"end":{"line":23,"column":null}},"6":{"start":{"line":27,"column":15},"end":{"line":27,"column":79}},"7":{"start":{"line":30,"column":2},"end":{"line":32,"column":null}},"8":{"start":{"line":31,"column":4},"end":{"line":31,"column":null}},"9":{"start":{"line":35,"column":19},"end":{"line":35,"column":43}},"10":{"start":{"line":38,"column":2},"end":{"line":40,"column":null}},"11":{"start":{"line":39,"column":4},"end":{"line":39,"column":null}},"12":{"start":{"line":43,"column":2},"end":{"line":45,"column":null}},"13":{"start":{"line":44,"column":4},"end":{"line":44,"column":null}},"14":{"start":{"line":48,"column":2},"end":{"line":48,"column":null}},"15":{"start":{"line":55,"column":2},"end":{"line":58,"column":null}},"16":{"start":{"line":55,"column":34},"end":{"line":58,"column":null}}},"fnMap":{"0":{"name":"getAbsoluteImageUrl","decl":{"start":{"line":10,"column":16},"end":{"line":10,"column":36}},"loc":{"start":{"line":10,"column":56},"end":{"line":49,"column":null}},"line":10},"1":{"name":"normalizeVehicleImages","decl":{"start":{"line":54,"column":16},"end":{"line":54,"column":68}},"loc":{"start":{"line":54,"column":81},"end":{"line":59,"column":null}},"line":54},"2":{"name":"(anonymous_2)","decl":{"start":{"line":55,"column":22},"end":{"line":55,"column":34}},"loc":{"start":{"line":55,"column":34},"end":{"line":58,"column":null}},"line":55}},"branchMap":{"0":{"loc":{"start":{"line":12,"column":2},"end":{"line":14,"column":null}},"type":"if","locations":[{"start":{"line":12,"column":2},"end":{"line":14,"column":null}},{"start":{},"end":{}}],"line":12},"1":{"loc":{"start":{"line":17,"column":2},"end":{"line":19,"column":null}},"type":"if","locations":[{"start":{"line":17,"column":2},"end":{"line":19,"column":null}},{"start":{},"end":{}}],"line":17},"2":{"loc":{"start":{"line":17,"column":6},"end":{"line":17,"column":81}},"type":"binary-expr","locations":[{"start":{"line":17,"column":6},"end":{"line":17,"column":44}},{"start":{"line":17,"column":44},"end":{"line":17,"column":81}}],"line":17},"3":{"loc":{"start":{"line":22,"column":2},"end":{"line":24,"column":null}},"type":"if","locations":[{"start":{"line":22,"column":2},"end":{"line":24,"column":null}},{"start":{},"end":{}}],"line":22},"4":{"loc":{"start":{"line":22,"column":6},"end":{"line":22,"column":72}},"type":"binary-expr","locations":[{"start":{"line":22,"column":6},"end":{"line":22,"column":39}},{"start":{"line":22,"column":39},"end":{"line":22,"column":72}}],"line":22},"5":{"loc":{"start":{"line":27,"column":15},"end":{"line":27,"column":79}},"type":"cond-expr","locations":[{"start":{"line":27,"column":46},"end":{"line":27,"column":61}},{"start":{"line":27,"column":61},"end":{"line":27,"column":79}}],"line":27},"6":{"loc":{"start":{"line":30,"column":2},"end":{"line":32,"column":null}},"type":"if","locations":[{"start":{"line":30,"column":2},"end":{"line":32,"column":null}},{"start":{},"end":{}}],"line":30},"7":{"loc":{"start":{"line":38,"column":2},"end":{"line":40,"column":null}},"type":"if","locations":[{"start":{"line":38,"column":2},"end":{"line":40,"column":null}},{"start":{},"end":{}}],"line":38},"8":{"loc":{"start":{"line":38,"column":6},"end":{"line":38,"column":60}},"type":"binary-expr","locations":[{"start":{"line":38,"column":6},"end":{"line":38,"column":34}},{"start":{"line":38,"column":34},"end":{"line":38,"column":60}}],"line":38},"9":{"loc":{"start":{"line":43,"column":2},"end":{"line":45,"column":null}},"type":"if","locations":[{"start":{"line":43,"column":2},"end":{"line":45,"column":null}},{"start":{},"end":{}}],"line":43}},"s":{"0":28,"1":3,"2":25,"3":3,"4":22,"5":2,"6":20,"7":28,"8":2,"9":18,"10":18,"11":15,"12":3,"13":2,"14":1,"15":4,"16":4},"f":{"0":28,"1":4,"2":4},"b":{"0":[3,25],"1":[3,22],"2":[25,24],"3":[2,20],"4":[22,21],"5":[18,2],"6":[2,26],"7":[15,3],"8":[18,4],"9":[2,1]},"meta":{"lastBranch":10,"lastFunction":3,"lastStatement":17,"seen":{"f:10:16:10:36":0,"b:12:2:14:Infinity:undefined:undefined:undefined:undefined":0,"s:12:2:14:Infinity":0,"s:13:4:13:Infinity":1,"b:17:2:19:Infinity:undefined:undefined:undefined:undefined":1,"s:17:2:19:Infinity":2,"b:17:6:17:44:17:44:17:81":2,"s:18:4:18:Infinity":3,"b:22:2:24:Infinity:undefined:undefined:undefined:undefined":3,"s:22:2:24:Infinity":4,"b:22:6:22:39:22:39:22:72":4,"s:23:4:23:Infinity":5,"s:27:15:27:79":6,"b:27:46:27:61:27:61:27:79":5,"b:30:2:32:Infinity:undefined:undefined:undefined:undefined":6,"s:30:2:32:Infinity":7,"s:31:4:31:Infinity":8,"s:35:19:35:43":9,"b:38:2:40:Infinity:undefined:undefined:undefined:undefined":7,"s:38:2:40:Infinity":10,"b:38:6:38:34:38:34:38:60":8,"s:39:4:39:Infinity":11,"b:43:2:45:Infinity:undefined:undefined:undefined:undefined":9,"s:43:2:45:Infinity":12,"s:44:4:44:Infinity":13,"s:48:2:48:Infinity":14,"f:54:16:54:68":1,"s:55:2:58:Infinity":15,"f:55:22:55:34":2,"s:55:34:58:Infinity":16}}}
,"D:\\website\\rv-car-solutions-main\\src\\lib\\utils.ts": {"path":"D:\\website\\rv-car-solutions-main\\src\\lib\\utils.ts","statementMap":{"0":{"start":{"line":5,"column":2},"end":{"line":5,"column":null}}},"fnMap":{"0":{"name":"cn","decl":{"start":{"line":4,"column":16},"end":{"line":4,"column":19}},"loc":{"start":{"line":4,"column":42},"end":{"line":6,"column":null}},"line":4}},"branchMap":{},"s":{"0":20},"f":{"0":20},"b":{},"meta":{"lastBranch":0,"lastFunction":1,"lastStatement":1,"seen":{"f:4:16:4:19":0,"s:5:2:5:Infinity":0}}}
,"D:\\website\\rv-car-solutions-main\\src\\lib\\vehicleManager.ts": {"path":"D:\\website\\rv-car-solutions-main\\src\\lib\\vehicleManager.ts","statementMap":{"0":{"start":{"line":5,"column":18},"end":{"line":31,"column":null}},"1":{"start":{"line":7,"column":2},"end":{"line":9,"column":null}},"2":{"start":{"line":8,"column":4},"end":{"line":8,"column":null}},"3":{"start":{"line":12,"column":2},"end":{"line":14,"column":null}},"4":{"start":{"line":13,"column":4},"end":{"line":13,"column":null}},"5":{"start":{"line":17,"column":19},"end":{"line":17,"column":43}},"6":{"start":{"line":20,"column":2},"end":{"line":22,"column":null}},"7":{"start":{"line":21,"column":4},"end":{"line":21,"column":null}},"8":{"start":{"line":25,"column":2},"end":{"line":27,"column":null}},"9":{"start":{"line":26,"column":4},"end":{"line":26,"column":null}},"10":{"start":{"line":30,"column":2},"end":{"line":30,"column":null}},"11":{"start":{"line":33,"column":16},"end":{"line":33,"column":null}},"12":{"start":{"line":36,"column":0},"end":{"line":39,"column":null}},"13":{"start":{"line":37,"column":2},"end":{"line":37,"column":null}},"14":{"start":{"line":38,"column":2},"end":{"line":38,"column":null}},"15":{"start":{"line":41,"column":17},"end":{"line":83,"column":null}},"16":{"start":{"line":42,"column":14},"end":{"line":42,"column":null}},"17":{"start":{"line":44,"column":2},"end":{"line":46,"column":null}},"18":{"start":{"line":45,"column":4},"end":{"line":45,"column":null}},"19":{"start":{"line":48,"column":2},"end":{"line":82,"column":null}},"20":{"start":{"line":49,"column":21},"end":{"line":58,"column":null}},"21":{"start":{"line":60,"column":4},"end":{"line":62,"column":null}},"22":{"start":{"line":61,"column":6},"end":{"line":61,"column":null}},"23":{"start":{"line":64,"column":4},"end":{"line":70,"column":null}},"24":{"start":{"line":65,"column":24},"end":{"line":65,"column":null}},"25":{"start":{"line":66,"column":6},"end":{"line":68,"column":null}},"26":{"start":{"line":67,"column":8},"end":{"line":67,"column":null}},"27":{"start":{"line":69,"column":6},"end":{"line":69,"column":null}},"28":{"start":{"line":72,"column":17},"end":{"line":72,"column":null}},"29":{"start":{"line":73,"column":4},"end":{"line":75,"column":null}},"30":{"start":{"line":74,"column":6},"end":{"line":74,"column":null}},"31":{"start":{"line":76,"column":4},"end":{"line":76,"column":null}},"32":{"start":{"line":78,"column":4},"end":{"line":80,"column":null}},"33":{"start":{"line":79,"column":6},"end":{"line":79,"column":null}},"34":{"start":{"line":81,"column":4},"end":{"line":81,"column":null}},"35":{"start":{"line":98,"column":27},"end":{"line":107,"column":null}},"36":{"start":{"line":99,"column":15},"end":{"line":99,"column":null}},"37":{"start":{"line":100,"column":2},"end":{"line":106,"column":null}},"38":{"start":{"line":100,"column":26},"end":{"line":106,"column":null}},"39":{"start":{"line":109,"column":26},"end":{"line":115,"column":null}},"40":{"start":{"line":110,"column":15},"end":{"line":113,"column":null}},"41":{"start":{"line":114,"column":2},"end":{"line":114,"column":null}},"42":{"start":{"line":117,"column":29},"end":{"line":123,"column":null}},"43":{"start":{"line":118,"column":15},"end":{"line":121,"column":null}},"44":{"start":{"line":122,"column":2},"end":{"line":122,"column":null}},"45":{"start":{"line":125,"column":29},"end":{"line":128,"column":null}},"46":{"start":{"line":126,"column":2},"end":{"line":126,"column":null}},"47":{"start":{"line":127,"column":2},"end":{"line":127,"column":null}},"48":{"start":{"line":130,"column":41},"end":{"line":133,"column":null}},"49":{"start":{"line":131,"column":15},"end":{"line":131,"column":null}},"50":{"start":{"line":132,"column":2},"end":{"line":132,"column":null}}},"fnMap":{"0":{"name":"(anonymous_0)","decl":{"start":{"line":5,"column":18},"end":{"line":5,"column":null}},"loc":{"start":{"line":5,"column":18},"end":{"line":31,"column":null}},"line":5},"1":{"name":"(anonymous_1)","decl":{"start":{"line":41,"column":17},"end":{"line":41,"column":37}},"loc":{"start":{"line":41,"column":85},"end":{"line":83,"column":null}},"line":41},"2":{"name":"(anonymous_2)","decl":{"start":{"line":98,"column":27},"end":{"line":98,"column":null}},"loc":{"start":{"line":98,"column":27},"end":{"line":107,"column":null}},"line":98},"3":{"name":"(anonymous_3)","decl":{"start":{"line":100,"column":18},"end":{"line":100,"column":19}},"loc":{"start":{"line":100,"column":26},"end":{"line":106,"column":null}},"line":100},"4":{"name":"(anonymous_4)","decl":{"start":{"line":109,"column":26},"end":{"line":109,"column":33}},"loc":{"start":{"line":109,"column":33},"end":{"line":115,"column":null}},"line":109},"5":{"name":"(anonymous_5)","decl":{"start":{"line":117,"column":29},"end":{"line":117,"column":36}},"loc":{"start":{"line":117,"column":48},"end":{"line":123,"column":null}},"line":117},"6":{"name":"(anonymous_6)","decl":{"start":{"line":125,"column":29},"end":{"line":125,"column":36}},"loc":{"start":{"line":125,"column":36},"end":{"line":128,"column":null}},"line":125},"7":{"name":"(anonymous_7)","decl":{"start":{"line":130,"column":41},"end":{"line":130,"column":48}},"loc":{"start":{"line":130,"column":48},"end":{"line":133,"column":null}},"line":130}},"branchMap":{"0":{"loc":{"start":{"line":7,"column":2},"end":{"line":9,"column":null}},"type":"if","locations":[{"start":{"line":7,"column":2},"end":{"line":9,"column":null}},{"start":{},"end":{}}],"line":7},"1":{"loc":{"start":{"line":12,"column":2},"end":{"line":14,"column":null}},"type":"if","locations":[{"start":{"line":12,"column":2},"end":{"line":14,"column":null}},{"start":{},"end":{}}],"line":12},"2":{"loc":{"start":{"line":20,"column":2},"end":{"line":22,"column":null}},"type":"if","locations":[{"start":{"line":20,"column":2},"end":{"line":22,"column":null}},{"start":{},"end":{}}],"line":20},"3":{"loc":{"start":{"line":20,"column":6},"end":{"line":20,"column":60}},"type":"binary-expr","locations":[{"start":{"line":20,"column":6},"end":{"line":20,"column":34}},{"start":{"line":20,"column":34},"end":{"line":20,"column":60}}],"line":20},"4":{"loc":{"start":{"line":25,"column":2},"end":{"line":27,"column":null}},"type":"if","locations":[{"start":{"line":25,"column":2},"end":{"line":27,"column":null}},{"start":{},"end":{}}],"line":25},"5":{"loc":{"start":{"line":36,"column":0},"end":{"line":39,"column":null}},"type":"if","locations":[{"start":{"line":36,"column":0},"end":{"line":39,"column":null}},{"start":{},"end":{}}],"line":36},"6":{"loc":{"start":{"line":41,"column":37},"end":{"line":41,"column":58}},"type":"default-arg","locations":[{"start":{"line":41,"column":56},"end":{"line":41,"column":58}}],"line":41},"7":{"loc":{"start":{"line":41,"column":60},"end":{"line":41,"column":85}},"type":"default-arg","locations":[{"start":{"line":41,"column":83},"end":{"line":41,"column":85}}],"line":41},"8":{"loc":{"start":{"line":42,"column":14},"end":{"line":42,"column":null}},"type":"cond-expr","locations":[{"start":{"line":42,"column":25},"end":{"line":42,"column":49}},{"start":{"line":42,"column":52},"end":{"line":42,"column":null}}],"line":42},"9":{"loc":{"start":{"line":44,"column":2},"end":{"line":46,"column":null}},"type":"if","locations":[{"start":{"line":44,"column":2},"end":{"line":46,"column":null}},{"start":{},"end":{}}],"line":44},"10":{"loc":{"start":{"line":54,"column":12},"end":{"line":54,"column":null}},"type":"binary-expr","locations":[{"start":{"line":54,"column":12},"end":{"line":54,"column":27}},{"start":{"line":54,"column":31},"end":{"line":54,"column":null}}],"line":54},"11":{"loc":{"start":{"line":60,"column":4},"end":{"line":62,"column":null}},"type":"if","locations":[{"start":{"line":60,"column":4},"end":{"line":62,"column":null}},{"start":{},"end":{}}],"line":60},"12":{"loc":{"start":{"line":64,"column":4},"end":{"line":70,"column":null}},"type":"if","locations":[{"start":{"line":64,"column":4},"end":{"line":70,"column":null}},{"start":{},"end":{}}],"line":64},"13":{"loc":{"start":{"line":66,"column":6},"end":{"line":68,"column":null}},"type":"if","locations":[{"start":{"line":66,"column":6},"end":{"line":68,"column":null}},{"start":{},"end":{}}],"line":66},"14":{"loc":{"start":{"line":73,"column":4},"end":{"line":75,"column":null}},"type":"if","locations":[{"start":{"line":73,"column":4},"end":{"line":75,"column":null}},{"start":{},"end":{}}],"line":73},"15":{"loc":{"start":{"line":74,"column":56},"end":{"line":74,"column":94}},"type":"cond-expr","locations":[{"start":{"line":74,"column":78},"end":{"line":74,"column":89}},{"start":{"line":74,"column":92},"end":{"line":74,"column":94}}],"line":74},"16":{"loc":{"start":{"line":78,"column":4},"end":{"line":80,"column":null}},"type":"if","locations":[{"start":{"line":78,"column":4},"end":{"line":80,"column":null}},{"start":{},"end":{}}],"line":78},"17":{"loc":{"start":{"line":102,"column":14},"end":{"line":102,"column":57}},"type":"cond-expr","locations":[{"start":{"line":102,"column":42},"end":{"line":102,"column":52}},{"start":{"line":102,"column":55},"end":{"line":102,"column":57}}],"line":102},"18":{"loc":{"start":{"line":104,"column":15},"end":{"line":104,"column":null}},"type":"binary-expr","locations":[{"start":{"line":104,"column":15},"end":{"line":104,"column":27}},{"start":{"line":104,"column":31},"end":{"line":104,"column":42}},{"start":{"line":104,"column":46},"end":{"line":104,"column":null}}],"line":104},"19":{"loc":{"start":{"line":105,"column":15},"end":{"line":105,"column":null}},"type":"binary-expr","locations":[{"start":{"line":105,"column":15},"end":{"line":105,"column":27}},{"start":{"line":105,"column":31},"end":{"line":105,"column":42}},{"start":{"line":105,"column":46},"end":{"line":105,"column":null}}],"line":105},"20":{"loc":{"start":{"line":112,"column":50},"end":{"line":112,"column":76}},"type":"binary-expr","locations":[{"start":{"line":112,"column":50},"end":{"line":112,"column":67}},{"start":{"line":112,"column":71},"end":{"line":112,"column":76}}],"line":112},"21":{"loc":{"start":{"line":114,"column":51},"end":{"line":114,"column":71}},"type":"binary-expr","locations":[{"start":{"line":114,"column":51},"end":{"line":114,"column":64}},{"start":{"line":114,"column":68},"end":{"line":114,"column":71}}],"line":114},"22":{"loc":{"start":{"line":122,"column":51},"end":{"line":122,"column":71}},"type":"binary-expr","locations":[{"start":{"line":122,"column":51},"end":{"line":122,"column":64}},{"start":{"line":122,"column":68},"end":{"line":122,"column":71}}],"line":122},"23":{"loc":{"start":{"line":132,"column":51},"end":{"line":132,"column":71}},"type":"binary-expr","locations":[{"start":{"line":132,"column":51},"end":{"line":132,"column":64}},{"start":{"line":132,"column":68},"end":{"line":132,"column":71}}],"line":132}},"s":{"0":1,"1":1,"2":0,"3":1,"4":0,"5":1,"6":1,"7":1,"8":0,"9":0,"10":0,"11":1,"12":1,"13":1,"14":1,"15":1,"16":7,"17":7,"18":7,"19":7,"20":7,"21":7,"22":7,"23":7,"24":2,"25":2,"26":2,"27":2,"28":5,"29":5,"30":5,"31":5,"32":2,"33":2,"34":2,"35":1,"36":3,"37":2,"38":2,"39":1,"40":1,"41":1,"42":1,"43":1,"44":1,"45":1,"46":2,"47":1,"48":1,"49":0,"50":0},"f":{"0":1,"1":7,"2":3,"3":2,"4":1,"5":1,"6":2,"7":0},"b":{"0":[0,1],"1":[0,1],"2":[1,0],"3":[1,0],"4":[0,0],"5":[1,0],"6":[7],"7":[7],"8":[3,4],"9":[7,0],"10":[7,7],"11":[7,0],"12":[2,5],"13":[2,0],"14":[5,0],"15":[2,3],"16":[2,0],"17":[1,1],"18":[2,1,1],"19":[2,1,1],"20":[1,0],"21":[1,0],"22":[1,0],"23":[0,0]},"meta":{"lastBranch":24,"lastFunction":8,"lastStatement":51,"seen":{"s:5:18:31:Infinity":0,"f:5:18:5:Infinity":0,"b:7:2:9:Infinity:undefined:undefined:undefined:undefined":0,"s:7:2:9:Infinity":1,"s:8:4:8:Infinity":2,"b:12:2:14:Infinity:undefined:undefined:undefined:undefined":1,"s:12:2:14:Infinity":3,"s:13:4:13:Infinity":4,"s:17:19:17:43":5,"b:20:2:22:Infinity:undefined:undefined:undefined:undefined":2,"s:20:2:22:Infinity":6,"b:20:6:20:34:20:34:20:60":3,"s:21:4:21:Infinity":7,"b:25:2:27:Infinity:undefined:undefined:undefined:undefined":4,"s:25:2:27:Infinity":8,"s:26:4:26:Infinity":9,"s:30:2:30:Infinity":10,"s:33:16:33:Infinity":11,"b:36:0:39:Infinity:undefined:undefined:undefined:undefined":5,"s:36:0:39:Infinity":12,"s:37:2:37:Infinity":13,"s:38:2:38:Infinity":14,"s:41:17:83:Infinity":15,"f:41:17:41:37":1,"b:41:56:41:58":6,"b:41:83:41:85":7,"s:42:14:42:Infinity":16,"b:42:25:42:49:42:52:42:Infinity":8,"b:44:2:46:Infinity:undefined:undefined:undefined:undefined":9,"s:44:2:46:Infinity":17,"s:45:4:45:Infinity":18,"s:48:2:82:Infinity":19,"s:49:21:58:Infinity":20,"b:54:12:54:27:54:31:54:Infinity":10,"b:60:4:62:Infinity:undefined:undefined:undefined:undefined":11,"s:60:4:62:Infinity":21,"s:61:6:61:Infinity":22,"b:64:4:70:Infinity:undefined:undefined:undefined:undefined":12,"s:64:4:70:Infinity":23,"s:65:24:65:Infinity":24,"b:66:6:68:Infinity:undefined:undefined:undefined:undefined":13,"s:66:6:68:Infinity":25,"s:67:8:67:Infinity":26,"s:69:6:69:Infinity":27,"s:72:17:72:Infinity":28,"b:73:4:75:Infinity:undefined:undefined:undefined:undefined":14,"s:73:4:75:Infinity":29,"s:74:6:74:Infinity":30,"b:74:78:74:89:74:92:74:94":15,"s:76:4:76:Infinity":31,"b:78:4:80:Infinity:undefined:undefined:undefined:undefined":16,"s:78:4:80:Infinity":32,"s:79:6:79:Infinity":33,"s:81:4:81:Infinity":34,"s:98:27:107:Infinity":35,"f:98:27:98:Infinity":2,"s:99:15:99:Infinity":36,"s:100:2:106:Infinity":37,"f:100:18:100:19":3,"s:100:26:106:Infinity":38,"b:102:42:102:52:102:55:102:57":17,"b:104:15:104:27:104:31:104:42:104:46:104:Infinity":18,"b:105:15:105:27:105:31:105:42:105:46:105:Infinity":19,"s:109:26:115:Infinity":39,"f:109:26:109:33":4,"s:110:15:113:Infinity":40,"b:112:50:112:67:112:71:112:76":20,"s:114:2:114:Infinity":41,"b:114:51:114:64:114:68:114:71":21,"s:117:29:123:Infinity":42,"f:117:29:117:36":5,"s:118:15:121:Infinity":43,"s:122:2:122:Infinity":44,"b:122:51:122:64:122:68:122:71":22,"s:125:29:128:Infinity":45,"f:125:29:125:36":6,"s:126:2:126:Infinity":46,"s:127:2:127:Infinity":47,"s:130:41:133:Infinity":48,"f:130:41:130:48":7,"s:131:15:131:Infinity":49,"s:132:2:132:Infinity":50,"b:132:51:132:64:132:68:132:71":23}}}
}
