TN:
SF:src\assets\logo.svg
FNF:0
FNH:0
LF:0
LH:0
BRF:0
BRH:0
end_of_record
TN:
SF:src\components\Navbar.tsx
FN:8,(anonymous_0)
FN:32,(anonymous_1)
FN:44,(anonymous_2)
FN:49,(anonymous_3)
FN:50,(anonymous_4)
FN:58,(anonymous_5)
FN:64,(anonymous_6)
FN:70,(anonymous_7)
FN:71,(anonymous_8)
FN:78,(anonymous_9)
FN:83,(anonymous_10)
FN:91,(anonymous_11)
FN:115,(anonymous_12)
FN:138,(anonymous_13)
FN:146,(anonymous_14)
FN:164,(anonymous_15)
FN:175,(anonymous_16)
FN:200,(anonymous_17)
FNF:18
FNH:7
FNDA:9,(anonymous_0)
FNDA:0,(anonymous_1)
FNDA:0,(anonymous_2)
FNDA:9,(anonymous_3)
FNDA:0,(anonymous_4)
FNDA:9,(anonymous_5)
FNDA:8,(anonymous_6)
FNDA:0,(anonymous_7)
FNDA:0,(anonymous_8)
FNDA:48,(anonymous_9)
FNDA:8,(anonymous_10)
FNDA:0,(anonymous_11)
FNDA:0,(anonymous_12)
FNDA:0,(anonymous_13)
FNDA:1,(anonymous_14)
FNDA:0,(anonymous_15)
FNDA:0,(anonymous_16)
FNDA:0,(anonymous_17)
DA:8,1
DA:9,9
DA:10,9
DA:11,9
DA:14,9
DA:15,9
DA:16,9
DA:18,9
DA:19,9
DA:20,9
DA:21,9
DA:23,9
DA:32,9
DA:33,0
DA:34,0
DA:35,0
DA:36,0
DA:40,0
DA:44,9
DA:45,0
DA:49,9
DA:50,9
DA:51,0
DA:54,9
DA:55,1
DA:58,9
DA:59,9
DA:64,9
DA:65,8
DA:70,8
DA:71,0
DA:72,0
DA:73,0
DA:78,8
DA:79,48
DA:80,48
DA:83,8
DA:91,0
DA:115,0
DA:138,0
DA:147,1
DA:148,1
DA:164,0
DA:175,0
DA:200,0
LF:45
LH:29
BRDA:18,0,0,0
BRDA:18,0,1,9
BRDA:34,1,0,0
BRDA:34,1,1,0
BRDA:51,2,0,0
BRDA:51,2,1,0
BRDA:54,3,0,1
BRDA:54,3,1,8
BRDA:72,4,0,0
BRDA:72,4,1,0
BRDA:80,5,0,0
BRDA:80,5,1,48
BRDA:117,6,0,9
BRDA:117,6,1,45
BRDA:151,7,0,1
BRDA:151,7,1,8
BRDA:177,8,0,1
BRDA:177,8,1,5
BRF:18
BRH:10
end_of_record
TN:
SF:src\components\ui\button.tsx
FN:40,(anonymous_0)
FNF:1
FNH:1
FNDA:20,(anonymous_0)
DA:7,1
DA:39,1
DA:41,20
DA:45,1
LF:4
LH:4
BRDA:40,0,0,20
BRDA:41,1,0,0
BRDA:41,1,1,20
BRF:3
BRH:2
end_of_record
TN:
SF:src\lib\authManager.ts
FN:5,(anonymous_0)
FN:67,(anonymous_1)
FN:91,(anonymous_2)
FN:109,(anonymous_3)
FN:145,(anonymous_4)
FN:154,(anonymous_5)
FN:167,(anonymous_6)
FN:175,(anonymous_7)
FN:182,(anonymous_8)
FNF:9
FNH:9
FNDA:1,(anonymous_0)
FNDA:3,(anonymous_1)
FNDA:3,(anonymous_2)
FNDA:4,(anonymous_3)
FNDA:1,(anonymous_4)
FNDA:10,(anonymous_5)
FNDA:2,(anonymous_6)
FNDA:2,(anonymous_7)
FNDA:2,(anonymous_8)
DA:5,1
DA:6,1
DA:7,0
DA:10,1
DA:11,0
DA:15,1
DA:18,1
DA:19,1
DA:23,0
DA:24,0
DA:28,0
DA:31,1
DA:61,1
DA:62,1
DA:67,1
DA:68,3
DA:74,2
DA:75,1
DA:76,1
DA:79,1
DA:82,1
DA:83,1
DA:85,1
DA:91,1
DA:92,3
DA:98,3
DA:99,2
DA:100,2
DA:103,1
DA:109,1
DA:113,4
DA:114,4
DA:115,1
DA:118,3
DA:129,3
DA:130,1
DA:131,1
DA:134,2
DA:137,2
DA:139,2
DA:145,1
DA:146,1
DA:147,1
DA:148,1
DA:154,1
DA:155,10
DA:167,1
DA:168,2
DA:169,2
DA:175,1
DA:176,2
DA:182,1
DA:183,2
DA:184,2
LF:54
LH:49
BRDA:6,0,0,0
BRDA:6,0,1,1
BRDA:10,1,0,0
BRDA:10,1,1,1
BRDA:18,2,0,1
BRDA:18,2,1,0
BRDA:18,3,0,1
BRDA:18,3,1,0
BRDA:23,4,0,0
BRDA:23,4,1,0
BRDA:74,5,0,1
BRDA:74,5,1,1
BRDA:76,6,0,1
BRDA:76,6,1,0
BRDA:98,7,0,2
BRDA:98,7,1,1
BRDA:100,8,0,2
BRDA:100,8,1,0
BRDA:114,9,0,1
BRDA:114,9,1,3
BRDA:129,10,0,1
BRDA:129,10,1,2
BRDA:131,11,0,1
BRDA:131,11,1,0
BRDA:169,12,0,1
BRDA:169,12,1,1
BRDA:184,13,0,1
BRDA:184,13,1,1
BRF:28
BRH:19
end_of_record
TN:
SF:src\lib\imageUrlHelper.ts
FN:10,getAbsoluteImageUrl
FN:54,normalizeVehicleImages
FN:55,(anonymous_2)
FNF:3
FNH:3
FNDA:28,getAbsoluteImageUrl
FNDA:4,normalizeVehicleImages
FNDA:4,(anonymous_2)
DA:12,28
DA:13,3
DA:17,25
DA:18,3
DA:22,22
DA:23,2
DA:27,20
DA:30,28
DA:31,2
DA:35,18
DA:38,18
DA:39,15
DA:43,3
DA:44,2
DA:48,1
DA:55,4
LF:16
LH:16
BRDA:12,0,0,3
BRDA:12,0,1,25
BRDA:17,1,0,3
BRDA:17,1,1,22
BRDA:17,2,0,25
BRDA:17,2,1,24
BRDA:22,3,0,2
BRDA:22,3,1,20
BRDA:22,4,0,22
BRDA:22,4,1,21
BRDA:27,5,0,18
BRDA:27,5,1,2
BRDA:30,6,0,2
BRDA:30,6,1,26
BRDA:38,7,0,15
BRDA:38,7,1,3
BRDA:38,8,0,18
BRDA:38,8,1,4
BRDA:43,9,0,2
BRDA:43,9,1,1
BRF:20
BRH:20
end_of_record
TN:
SF:src\lib\utils.ts
FN:4,cn
FNF:1
FNH:1
FNDA:20,cn
DA:5,20
LF:1
LH:1
BRF:0
BRH:0
end_of_record
TN:
SF:src\lib\vehicleManager.ts
FN:5,(anonymous_0)
FN:41,(anonymous_1)
FN:98,(anonymous_2)
FN:100,(anonymous_3)
FN:109,(anonymous_4)
FN:117,(anonymous_5)
FN:125,(anonymous_6)
FN:130,(anonymous_7)
FNF:8
FNH:7
FNDA:1,(anonymous_0)
FNDA:7,(anonymous_1)
FNDA:3,(anonymous_2)
FNDA:2,(anonymous_3)
FNDA:1,(anonymous_4)
FNDA:1,(anonymous_5)
FNDA:2,(anonymous_6)
FNDA:0,(anonymous_7)
DA:5,1
DA:7,1
DA:8,0
DA:12,1
DA:13,0
DA:17,1
DA:20,1
DA:21,1
DA:25,0
DA:26,0
DA:30,0
DA:33,1
DA:36,1
DA:37,1
DA:38,1
DA:41,1
DA:42,7
DA:44,7
DA:45,7
DA:48,7
DA:49,7
DA:60,7
DA:61,7
DA:64,7
DA:65,2
DA:66,2
DA:67,2
DA:69,2
DA:72,5
DA:73,5
DA:74,5
DA:76,5
DA:78,2
DA:79,2
DA:81,2
DA:98,1
DA:99,3
DA:100,2
DA:109,1
DA:110,1
DA:114,1
DA:117,1
DA:118,1
DA:122,1
DA:125,1
DA:126,2
DA:127,1
DA:130,1
DA:131,0
DA:132,0
LF:50
LH:43
BRDA:7,0,0,0
BRDA:7,0,1,1
BRDA:12,1,0,0
BRDA:12,1,1,1
BRDA:20,2,0,1
BRDA:20,2,1,0
BRDA:20,3,0,1
BRDA:20,3,1,0
BRDA:25,4,0,0
BRDA:25,4,1,0
BRDA:36,5,0,1
BRDA:36,5,1,0
BRDA:41,6,0,7
BRDA:41,7,0,7
BRDA:42,8,0,3
BRDA:42,8,1,4
BRDA:44,9,0,7
BRDA:44,9,1,0
BRDA:54,10,0,7
BRDA:54,10,1,7
BRDA:60,11,0,7
BRDA:60,11,1,0
BRDA:64,12,0,2
BRDA:64,12,1,5
BRDA:66,13,0,2
BRDA:66,13,1,0
BRDA:73,14,0,5
BRDA:73,14,1,0
BRDA:74,15,0,2
BRDA:74,15,1,3
BRDA:78,16,0,2
BRDA:78,16,1,0
BRDA:102,17,0,1
BRDA:102,17,1,1
BRDA:104,18,0,2
BRDA:104,18,1,1
BRDA:104,18,2,1
BRDA:105,19,0,2
BRDA:105,19,1,1
BRDA:105,19,2,1
BRDA:112,20,0,1
BRDA:112,20,1,0
BRDA:114,21,0,1
BRDA:114,21,1,0
BRDA:122,22,0,1
BRDA:122,22,1,0
BRDA:132,23,0,0
BRDA:132,23,1,0
BRF:48
BRH:31
end_of_record
